<?xml version="1.0" encoding="UTF-8"?>
<!-- Generated by org.testng.reporters.JUnitReportReporter -->
<testsuite skipped="0" hostname="COMP3" name="GSH.DataTypes.LoginTest" tests="4" failures="0" timestamp="16 Feb 2021 10:54:00 GMT" time="114.968" errors="0">
  <testcase name="clickCreateNewReport" time="33.827" classname="GSH.DataTypes.LoginTest"/>
  <testcase name="clickCreateNewReport" time="35.076" classname="GSH.DataTypes.LoginTest"/>
  <testcase name="clickCreateNewReport" time="37.735" classname="GSH.DataTypes.LoginTest"/>
  <testcase name="loginTest" time="8.330" classname="GSH.DataTypes.LoginTest"/>
</testsuite> <!-- GSH.DataTypes.LoginTest -->
